2023-09-18 15:01:38,662 [INFO] Activator:176 - 


2023-09-18 15:01:38,664 [INFO] Activator:177 - !SESSION log4j initialized
2023-09-18 15:01:39,564 [ERROR] LogOutputStream:75 - [STDERR_REDIRECT] 
2023-09-18 15:01:41,692 [INFO] LogOutputStream:77 - [STDOUT_REDIRECT] 
2023-09-18 15:01:43,397 [INFO] ApplicationProperties:184 - Using Application install path: /Applications/STM32CubeIDE.app/Contents/Eclipse/plugins/com.st.stm32cube.common.mx_6.9.1.202307191849
2023-09-18 15:01:43,407 [INFO] DbMcusXml:78 - Set database path to: /Applications/STM32CubeIDE.app/Contents/Eclipse/plugins/com.st.stm32cube.common.mx_6.9.1.202307191849//db//mcu/
2023-09-18 15:01:43,407 [INFO] ApiDb:274 - Set plugin database path to: /Applications/STM32CubeIDE.app/Contents/Eclipse/plugins/com.st.stm32cube.common.mx_6.9.1.202307191849//db//plugins/boardmanager/
2023-09-18 15:01:43,409 [WARN] ApiDb:259 - Overriding images path with different value:  => /Applications/STM32CubeIDE.app/Contents/Eclipse/plugins/com.st.stm32cube.common.mx_6.9.1.202307191849//db//plugins/mcufinder/images/
2023-09-18 15:01:43,419 [INFO] ApiDb:250 - Set database path to: /Users/ryan/.stmcufinder/plugins/mcufinder//mcu/
2023-09-18 15:01:43,420 [INFO] DbMcusAds:125 - Set database path to: /Users/ryan/.stmcufinder/plugins/mcufinder//mcu/
2023-09-18 15:01:43,421 [INFO] CrossReferenceDbSqlite:203 - Set database path to: /Users/ryan/.stmcufinder/plugins/mcufinder//mcu/cs/
2023-09-18 15:01:43,550 [INFO] RulesReader:64 - Compatibility file has been processed (293 Rules)
2023-09-18 15:01:43,634 [INFO] DbMcusXml:78 - Set database path to: /Applications/STM32CubeIDE.app/Contents/Eclipse/plugins/com.st.stm32cube.common.mx_6.9.1.202307191849//db//mcu/
2023-09-18 15:01:43,635 [INFO] ApiDb:274 - Set plugin database path to: /Applications/STM32CubeIDE.app/Contents/Eclipse/plugins/com.st.stm32cube.common.mx_6.9.1.202307191849//db//plugins/boardmanager/
2023-09-18 15:01:43,637 [INFO] ApiDb:261 - Set plugin images path to: /Applications/STM32CubeIDE.app/Contents/Eclipse/plugins/com.st.stm32cube.common.mx_6.9.1.202307191849//db//plugins/mcufinder/images/
2023-09-18 15:01:43,638 [WARN] DbFile:41 - Overriding database path with different value: /Users/ryan/.stmcufinder/plugins/mcufinder/ => /Users/ryan/.stmcufinder/plugins/mcufinder
2023-09-18 15:01:43,638 [INFO] ApiDb:250 - Set database path to: /Users/ryan/.stmcufinder/plugins/mcufinder//mcu/
2023-09-18 15:01:43,638 [WARN] DbFile:41 - Overriding database path with different value: /Users/ryan/.stmcufinder/plugins/mcufinder/ => /Users/ryan/.stmcufinder/plugins/mcufinder
2023-09-18 15:01:43,638 [INFO] DbMcusAds:125 - Set database path to: /Users/ryan/.stmcufinder/plugins/mcufinder//mcu/
2023-09-18 15:01:43,638 [WARN] DbFile:41 - Overriding database path with different value: /Users/ryan/.stmcufinder/plugins/mcufinder/ => /Users/ryan/.stmcufinder/plugins/mcufinder
2023-09-18 15:01:43,638 [WARN] DbFile:41 - Overriding database path with different value: /Users/ryan/.stmcufinder/plugins/mcufinder/ => /Users/ryan/.stmcufinder/plugins/mcufinder
2023-09-18 15:01:43,639 [INFO] CrossReferenceDbSqlite:203 - Set database path to: /Users/ryan/.stmcufinder/plugins/mcufinder//mcu/cs/
2023-09-18 15:01:43,762 [INFO] MainPanel:262 - HeapMemory: 291504128
2023-09-18 15:01:43,859 [INFO] DbMcusXml:78 - Set database path to: /Applications/STM32CubeIDE.app/Contents/Eclipse/plugins/com.st.stm32cube.common.mx_6.9.1.202307191849//db//mcu/
2023-09-18 15:01:43,860 [INFO] ApiDb:274 - Set plugin database path to: /Applications/STM32CubeIDE.app/Contents/Eclipse/plugins/com.st.stm32cube.common.mx_6.9.1.202307191849//db//plugins/boardmanager/
2023-09-18 15:01:43,861 [INFO] ApiDb:261 - Set plugin images path to: /Applications/STM32CubeIDE.app/Contents/Eclipse/plugins/com.st.stm32cube.common.mx_6.9.1.202307191849//db//plugins/mcufinder/images/
2023-09-18 15:01:43,862 [WARN] DbFile:41 - Overriding database path with different value: /Users/ryan/.stmcufinder/plugins/mcufinder/ => /Users/ryan/.stmcufinder/plugins/mcufinder
2023-09-18 15:01:43,862 [INFO] ApiDb:250 - Set database path to: /Users/ryan/.stmcufinder/plugins/mcufinder//mcu/
2023-09-18 15:01:43,862 [WARN] DbFile:41 - Overriding database path with different value: /Users/ryan/.stmcufinder/plugins/mcufinder/ => /Users/ryan/.stmcufinder/plugins/mcufinder
2023-09-18 15:01:43,862 [INFO] DbMcusAds:125 - Set database path to: /Users/ryan/.stmcufinder/plugins/mcufinder//mcu/
2023-09-18 15:01:43,862 [WARN] DbFile:41 - Overriding database path with different value: /Users/ryan/.stmcufinder/plugins/mcufinder/ => /Users/ryan/.stmcufinder/plugins/mcufinder
2023-09-18 15:01:43,862 [WARN] DbFile:41 - Overriding database path with different value: /Users/ryan/.stmcufinder/plugins/mcufinder/ => /Users/ryan/.stmcufinder/plugins/mcufinder
2023-09-18 15:01:43,862 [INFO] CrossReferenceDbSqlite:203 - Set database path to: /Users/ryan/.stmcufinder/plugins/mcufinder//mcu/cs/
2023-09-18 15:01:43,882 [INFO] ApplicationProperties:184 - Using Application install path: /Applications/STM32CubeIDE.app/Contents/Eclipse/plugins/com.st.stm32cube.common.mx_6.9.1.202307191849
2023-09-18 15:01:43,883 [INFO] PluginManage:196 - Search for loadable plugins [exclusion list=, ]
2023-09-18 15:01:43,884 [INFO] PluginManage:310 - Check plugin analytics
2023-09-18 15:01:44,052 [INFO] AnalyticsPlugin:253 - Accepted Software Licenses: 
2023-09-18 15:01:44,052 [INFO] AnalyticsPlugin:255 - Accepted CMSIS Pack Licenses: 
2023-09-18 15:01:44,052 [INFO] AnalyticsPlugin:257 - Accepted Firmware Licenses: FW.F4.1.27.0
2023-09-18 15:01:44,064 [INFO] PluginManage:359 - Loaded plugin analytics (category:tool,tabindex:-1)
2023-09-18 15:01:44,067 [INFO] PluginManage:310 - Check plugin cadmodel
2023-09-18 15:01:44,300 [INFO] CADModel:105 - Init CAD model plugin
2023-09-18 15:01:44,300 [INFO] PluginManage:359 - Loaded plugin cadmodel (category:power,tabindex:5)
2023-09-18 15:01:44,302 [INFO] PluginManage:310 - Check plugin clock
2023-09-18 15:01:44,324 [INFO] PluginManage:359 - Loaded plugin clock (category:base,tabindex:2)
2023-09-18 15:01:44,324 [INFO] PluginManage:310 - Check plugin ddr
2023-09-18 15:01:44,326 [INFO] PluginManage:359 - Loaded plugin ddr (category:tool,tabindex:6)
2023-09-18 15:01:44,326 [INFO] PluginManage:310 - Check plugin filemanager
2023-09-18 15:01:44,487 [INFO] PluginManage:359 - Loaded plugin filemanager (category:base,tabindex:10)
2023-09-18 15:01:44,488 [INFO] PluginManage:310 - Check plugin ipmanager
2023-09-18 15:01:44,495 [INFO] PluginManage:359 - Loaded plugin ipmanager (category:base,tabindex:5)
2023-09-18 15:01:44,496 [INFO] PluginManage:310 - Check plugin lpbam
2023-09-18 15:01:44,502 [INFO] PluginManage:359 - Loaded plugin lpbam (category:base,tabindex:0)
2023-09-18 15:01:44,502 [INFO] PluginManage:310 - Check plugin memorymap
2023-09-18 15:01:44,510 [INFO] PluginManage:359 - Loaded plugin memorymap (category:base,tabindex:4)
2023-09-18 15:01:44,510 [INFO] PluginManage:310 - Check plugin pinoutandconfiguration
2023-09-18 15:01:44,515 [INFO] PluginManage:359 - Loaded plugin pinoutandconfiguration (category:base,tabindex:1)
2023-09-18 15:01:44,515 [INFO] PluginManage:310 - Check plugin pinoutconfig
2023-09-18 15:01:44,585 [WARN] SupportedApi:132 - Cannot load RTOS API schema: s4s-elt-must-match.1: The content of 'definitions' must match (annotation?, (simpleType | complexType)?, (unique | key | keyref)*)). A problem was found starting at: attribute.
2023-09-18 15:01:44,768 [INFO] PluginManage:359 - Loaded plugin pinoutconfig (category:base,tabindex:0)
2023-09-18 15:01:44,768 [INFO] PluginManage:310 - Check plugin power
2023-09-18 15:01:44,779 [INFO] PluginManage:359 - Loaded plugin power (category:power,tabindex:4)
2023-09-18 15:01:44,779 [INFO] PluginManage:310 - Check plugin projectmanager
2023-09-18 15:01:44,821 [INFO] PluginManage:359 - Loaded plugin projectmanager (category:projectmanager,tabindex:3)
2023-09-18 15:01:44,822 [INFO] PluginManage:310 - Check plugin thirdparty
2023-09-18 15:01:45,201 [INFO] PluginManage:359 - Loaded plugin thirdparty (category:base,tabindex:-1)
2023-09-18 15:01:45,201 [WARN] IntegrityCheckThread:84 - waiting for thirdparty lock release [integrity check]
2023-09-18 15:01:45,203 [INFO] PluginManage:310 - Check plugin tools
2023-09-18 15:01:45,203 [INFO] IntegrityCheckThread:86 - entering critical section [integrity check]
2023-09-18 15:01:45,207 [INFO] ThirdPartyUpdaterWithRetryManager:70 - Updater plugin not ready yet. [1/15]
2023-09-18 15:01:45,209 [INFO] PluginManage:359 - Loaded plugin tools (category:base,tabindex:7)
2023-09-18 15:01:45,210 [INFO] PluginManage:310 - Check plugin tutovideos
2023-09-18 15:01:45,351 [INFO] PluginManage:359 - Loaded plugin tutovideos (category:base,tabindex:-1)
2023-09-18 15:01:45,352 [INFO] PluginManage:310 - Check plugin updater
2023-09-18 15:01:45,364 [INFO] PluginManage:359 - Loaded plugin updater (category:base,tabindex:12)
2023-09-18 15:01:45,365 [INFO] PluginManage:310 - Check plugin userauth
2023-09-18 15:01:45,369 [INFO] UserAuth:113 - Init User Auth plugin
2023-09-18 15:01:45,369 [INFO] PluginManage:359 - Loaded plugin userauth (category:base,tabindex:14)
2023-09-18 15:01:45,371 [INFO] PluginManage:283 - PluginManage : Loaded plugins [17]
2023-09-18 15:01:45,551 [INFO] PinOutPanel:1499 - setPackage(No Configuration,No Configuration)
2023-09-18 15:01:45,627 [INFO] CADModel:165 - CPN selected for project level
2023-09-18 15:01:45,627 [INFO] CADModel:114 - Register for checkConnection events
2023-09-18 15:01:45,633 [INFO] IPUIPlugin:80 - create IPUIPlugin
2023-09-18 15:01:45,634 [INFO] PluginManager:220 - loadIPPluginJar : add mdma
2023-09-18 15:01:45,638 [INFO] IPUIPlugin:80 - create IPUIPlugin
2023-09-18 15:01:45,638 [INFO] PluginManager:220 - loadIPPluginJar : add freertos
2023-09-18 15:01:45,640 [INFO] IPUIPlugin:80 - create IPUIPlugin
2023-09-18 15:01:45,640 [INFO] PluginManager:220 - loadIPPluginJar : add gic
2023-09-18 15:01:45,644 [INFO] IPUIPlugin:80 - create IPUIPlugin
2023-09-18 15:01:45,644 [INFO] PluginManager:220 - loadIPPluginJar : add adc
2023-09-18 15:01:45,645 [INFO] IPUIPlugin:80 - create IPUIPlugin
2023-09-18 15:01:45,645 [INFO] PluginManager:220 - loadIPPluginJar : add gtzc
2023-09-18 15:01:45,646 [INFO] IPUIPlugin:80 - create IPUIPlugin
2023-09-18 15:01:45,646 [INFO] PluginManager:220 - loadIPPluginJar : add quadspi
2023-09-18 15:01:45,648 [INFO] IPUIPlugin:80 - create IPUIPlugin
2023-09-18 15:01:45,648 [INFO] PluginManager:220 - loadIPPluginJar : add aes
2023-09-18 15:01:45,649 [INFO] IPUIPlugin:80 - create IPUIPlugin
2023-09-18 15:01:45,649 [INFO] PluginManager:220 - loadIPPluginJar : add pdm2pcm
2023-09-18 15:01:45,650 [INFO] IPUIPlugin:80 - create IPUIPlugin
2023-09-18 15:01:45,650 [INFO] PluginManager:220 - loadIPPluginJar : add hash
2023-09-18 15:01:45,651 [INFO] IPUIPlugin:80 - create IPUIPlugin
2023-09-18 15:01:45,651 [INFO] PluginManager:220 - loadIPPluginJar : add tim
2023-09-18 15:01:45,651 [INFO] IPUIPlugin:80 - create IPUIPlugin
2023-09-18 15:01:45,651 [INFO] PluginManager:220 - loadIPPluginJar : add tsc
2023-09-18 15:01:45,652 [INFO] IPUIPlugin:80 - create IPUIPlugin
2023-09-18 15:01:45,652 [INFO] PluginManager:220 - loadIPPluginJar : add ts
2023-09-18 15:01:45,653 [INFO] IPUIPlugin:80 - create IPUIPlugin
2023-09-18 15:01:45,653 [INFO] PluginManager:220 - loadIPPluginJar : add can
2023-09-18 15:01:45,653 [INFO] IPUIPlugin:80 - create IPUIPlugin
2023-09-18 15:01:45,653 [INFO] PluginManager:220 - loadIPPluginJar : add dma3
2023-09-18 15:01:45,656 [INFO] IPUIPlugin:80 - create IPUIPlugin
2023-09-18 15:01:45,656 [INFO] PluginManager:220 - loadIPPluginJar : add dfsdm
2023-09-18 15:01:45,657 [INFO] IPUIPlugin:80 - create IPUIPlugin
2023-09-18 15:01:45,657 [INFO] PluginManager:220 - loadIPPluginJar : add spi
2023-09-18 15:01:45,658 [INFO] IPUIPlugin:80 - create IPUIPlugin
2023-09-18 15:01:45,658 [INFO] PluginManager:220 - loadIPPluginJar : add gfxmmu
2023-09-18 15:01:45,659 [INFO] IPUIPlugin:80 - create IPUIPlugin
2023-09-18 15:01:45,659 [INFO] PluginManager:220 - loadIPPluginJar : add genericplugin
2023-09-18 15:01:45,660 [INFO] IPUIPlugin:80 - create IPUIPlugin
2023-09-18 15:01:45,660 [INFO] PluginManager:220 - loadIPPluginJar : add cryp
2023-09-18 15:01:45,665 [INFO] IPUIPlugin:80 - create IPUIPlugin
2023-09-18 15:01:45,665 [INFO] PluginManager:220 - loadIPPluginJar : add gpio
2023-09-18 15:01:45,666 [INFO] IPUIPlugin:80 - create IPUIPlugin
2023-09-18 15:01:45,666 [INFO] PluginManager:220 - loadIPPluginJar : add comp
2023-09-18 15:01:45,667 [INFO] IPUIPlugin:80 - create IPUIPlugin
2023-09-18 15:01:45,667 [INFO] PluginManager:220 - loadIPPluginJar : add tracer_emb
2023-09-18 15:01:45,668 [INFO] IPUIPlugin:80 - create IPUIPlugin
2023-09-18 15:01:45,669 [INFO] PluginManager:220 - loadIPPluginJar : add openamp
2023-09-18 15:01:45,671 [INFO] IPUIPlugin:80 - create IPUIPlugin
2023-09-18 15:01:45,671 [INFO] PluginManager:220 - loadIPPluginJar : add stm32_wpan
2023-09-18 15:01:45,674 [INFO] IPUIPlugin:80 - create IPUIPlugin
2023-09-18 15:01:45,675 [INFO] PluginManager:220 - loadIPPluginJar : add plateformsettings
2023-09-18 15:01:45,677 [INFO] IPUIPlugin:80 - create IPUIPlugin
2023-09-18 15:01:45,677 [INFO] PluginManager:220 - loadIPPluginJar : add ipddr
2023-09-18 15:01:45,678 [INFO] IPUIPlugin:80 - create IPUIPlugin
2023-09-18 15:01:45,678 [INFO] PluginManager:220 - loadIPPluginJar : add usart
2023-09-18 15:01:45,678 [INFO] IPUIPlugin:80 - create IPUIPlugin
2023-09-18 15:01:45,679 [INFO] PluginManager:220 - loadIPPluginJar : add ltdc
2023-09-18 15:01:45,680 [INFO] IPUIPlugin:80 - create IPUIPlugin
2023-09-18 15:01:45,680 [INFO] PluginManager:220 - loadIPPluginJar : add nvic
2023-09-18 15:01:45,680 [INFO] IPUIPlugin:80 - create IPUIPlugin
2023-09-18 15:01:45,680 [INFO] PluginManager:220 - loadIPPluginJar : add fatfs
2023-09-18 15:01:45,684 [INFO] IPUIPlugin:80 - create IPUIPlugin
2023-09-18 15:01:45,684 [INFO] PluginManager:220 - loadIPPluginJar : add linkedlist
2023-09-18 15:01:45,687 [INFO] IPUIPlugin:80 - create IPUIPlugin
2023-09-18 15:01:45,687 [INFO] PluginManager:220 - loadIPPluginJar : add dma
2023-09-18 15:01:45,689 [INFO] IPUIPlugin:80 - create IPUIPlugin
2023-09-18 15:01:45,689 [INFO] PluginManager:220 - loadIPPluginJar : add fmc
2023-09-18 15:01:45,690 [INFO] IPUIPlugin:80 - create IPUIPlugin
2023-09-18 15:01:45,690 [INFO] PluginManager:220 - loadIPPluginJar : add i2s
2023-09-18 15:01:45,690 [INFO] IPUIPlugin:80 - create IPUIPlugin
2023-09-18 15:01:45,690 [INFO] PluginManager:220 - loadIPPluginJar : add ucpd
2023-09-18 15:01:45,692 [INFO] IPUIPlugin:80 - create IPUIPlugin
2023-09-18 15:01:45,692 [INFO] PluginManager:220 - loadIPPluginJar : add lorawan
2023-09-18 15:01:45,693 [INFO] IPUIPlugin:80 - create IPUIPlugin
2023-09-18 15:01:45,693 [INFO] PluginManager:220 - loadIPPluginJar : add opamp
2023-09-18 15:01:45,694 [INFO] IPUIPlugin:80 - create IPUIPlugin
2023-09-18 15:01:45,694 [INFO] PluginManager:220 - loadIPPluginJar : add i3c
2023-09-18 15:01:45,695 [INFO] IPUIPlugin:80 - create IPUIPlugin
2023-09-18 15:01:45,695 [INFO] PluginManager:220 - loadIPPluginJar : add touchsensing
2023-09-18 15:01:45,696 [INFO] IPUIPlugin:80 - create IPUIPlugin
2023-09-18 15:01:45,696 [INFO] PluginManager:220 - loadIPPluginJar : add i2c
2023-09-18 15:01:45,697 [INFO] IPUIPlugin:80 - create IPUIPlugin
2023-09-18 15:01:45,697 [INFO] PluginManager:220 - loadIPPluginJar : add resmgrutility
2023-09-18 15:01:45,698 [INFO] IPUIPlugin:80 - create IPUIPlugin
2023-09-18 15:01:45,698 [INFO] PluginManager:220 - loadIPPluginJar : add sai
2023-09-18 15:01:45,699 [INFO] IPUIPlugin:80 - create IPUIPlugin
2023-09-18 15:01:45,699 [INFO] PluginManager:220 - loadIPPluginJar : add usbx
2023-09-18 15:01:45,811 [INFO] CADModel:165 - CPN selected for project level
2023-09-18 15:01:45,811 [INFO] CADModel:114 - Register for checkConnection events
2023-09-18 15:01:45,812 [FATAL] Updater:308 - Updater called before beeing initialized
2023-09-18 15:01:45,813 [ERROR] CADModel:125 - Updater not yet initialized, retry later 
2023-09-18 15:01:46,003 [INFO] CADModel:165 - CPN selected for project level
2023-09-18 15:01:46,004 [INFO] CADModel:114 - Register for checkConnection events
2023-09-18 15:01:46,005 [FATAL] Updater:308 - Updater called before beeing initialized
2023-09-18 15:01:46,005 [ERROR] CADModel:125 - Updater not yet initialized, retry later 
2023-09-18 15:01:46,007 [FATAL] Updater:308 - Updater called before beeing initialized
2023-09-18 15:01:46,122 [FATAL] Updater:308 - Updater called before beeing initialized
2023-09-18 15:01:46,128 [INFO] DbMcusAds:53 - JSON generation date=Tue Mar 07 03:50:55 EST 2023 (1678179055114)
2023-09-18 15:01:46,128 [FATAL] Updater:308 - Updater called before beeing initialized
2023-09-18 15:01:46,168 [WARN] DetailPanel:346 - Failed to get advertising image, set to default
2023-09-18 15:01:46,234 [FATAL] Updater:308 - Updater called before beeing initialized
2023-09-18 15:01:46,234 [FATAL] Updater:308 - Updater called before beeing initialized
2023-09-18 15:01:46,234 [FATAL] Updater:308 - Updater called before beeing initialized
2023-09-18 15:01:46,235 [WARN] DetailPanel:346 - Failed to get advertising image, set to default
2023-09-18 15:01:46,236 [FATAL] Updater:308 - Updater called before beeing initialized
2023-09-18 15:01:46,288 [ERROR] Updater:1120 - MainUpdater not yet initialized. External WinMGr cannot be set.
2023-09-18 15:01:46,322 [INFO] Updater:1056 - Updater Version found : 6.9.1
2023-09-18 15:01:46,332 [INFO] ApplicationProperties:184 - Using Application install path: /Applications/STM32CubeIDE.app/Contents/Eclipse/plugins/com.st.stm32cube.common.mx_6.9.1.202307191849
2023-09-18 15:01:46,515 [INFO] MainUpdater:2868 - connection check result : 10
2023-09-18 15:01:46,517 [INFO] MainUpdater:285 - Updater Check For Update Now.
2023-09-18 15:01:46,517 [INFO] MicroXplorer:498 - Change Database Version : DB.6.0.91
2023-09-18 15:01:46,521 [INFO] McuFinderGlobals:63 - Set McuFinder mode to 2 (CubeIDE integrated)
2023-09-18 15:01:46,833 [INFO] CheckServerUpdateThread:120 - End of CheckServer Thread
2023-09-18 15:01:48,334 [WARN] PackLoader:240 - Cannot read IP mode file for STMicroelectronics.X-CUBE-SMBUS.2.1.0
2023-09-18 15:01:48,384 [WARN] PackLoader:240 - Cannot read IP mode file for STMicroelectronics.X-CUBE-AZRTOS-F7.1.1.0
2023-09-18 15:01:48,430 [WARN] PackLoader:240 - Cannot read IP mode file for STMicroelectronics.FP-SNS-MOTENV1.4.3.2
2023-09-18 15:01:48,482 [WARN] PackLoader:240 - Cannot read IP mode file for STMicroelectronics.FP-SNS-FLIGHT1.5.0.2
2023-09-18 15:01:48,531 [WARN] PackLoader:240 - Cannot read IP mode file for STMicroelectronics.X-CUBE-DISPLAY.3.0.0
2023-09-18 15:01:48,595 [WARN] PackLoader:240 - Cannot read IP mode file for STMicroelectronics.X-CUBE-BLE1.7.0.0
2023-09-18 15:01:48,612 [WARN] PackLoader:240 - Cannot read IP mode file for emotas.I-CUBE-CANOPEN.1.3.0
2023-09-18 15:01:48,618 [WARN] PackLoader:240 - Cannot read IP mode file for STMicroelectronics.X-CUBE-TOUCHGFX.4.22.0
2023-09-18 15:01:48,624 [WARN] PackLoader:240 - Cannot read IP mode file for STMicroelectronics.FP-SNS-SMARTAG2.1.2.0
2023-09-18 15:01:48,638 [INFO] LogOutputStream:77 - [STDOUT_REDIRECT] 1 : Invalid condition id : UX_CORESTACK_Condition cause : null
2023-09-18 15:01:48,639 [INFO] LogOutputStream:77 - [STDOUT_REDIRECT] 1 : Invalid condition id : UX_CORESTACK_Condition cause : null
2023-09-18 15:01:48,640 [INFO] LogOutputStream:77 - [STDOUT_REDIRECT] 1 : Invalid condition id : UX_CORESTACK_Condition cause : null
2023-09-18 15:01:48,640 [INFO] LogOutputStream:77 - [STDOUT_REDIRECT] 1 : Invalid condition id : UX_CORESTACK_Condition cause : null
2023-09-18 15:01:48,640 [INFO] LogOutputStream:77 - [STDOUT_REDIRECT] 1 : Invalid condition id : UX_CORESTACK_Condition cause : null
2023-09-18 15:01:48,649 [WARN] PackLoader:240 - Cannot read IP mode file for STMicroelectronics.X-CUBE-AZRTOS-WL.2.0.0
2023-09-18 15:01:48,667 [WARN] PackLoader:240 - Cannot read IP mode file for WES.I-CUBE-Cesium.1.3.0
2023-09-18 15:01:48,673 [WARN] PackLoader:240 - Cannot read IP mode file for STMicroelectronics.X-CUBE-BLE2.3.3.0
2023-09-18 15:01:48,691 [WARN] PackLoader:240 - Cannot read IP mode file for STMicroelectronics.X-CUBE-ALGOBUILD.1.3.0
2023-09-18 15:01:48,730 [WARN] PackLoader:240 - Cannot read IP mode file for STMicroelectronics.X-CUBE-AZRTOS-G0.1.1.0
2023-09-18 15:01:48,767 [WARN] PackLoader:240 - Cannot read IP mode file for STMicroelectronics.X-CUBE-NFC4.3.0.0
2023-09-18 15:01:48,796 [WARN] PackLoader:240 - Cannot read IP mode file for STMicroelectronics.FP-ATR-SIGFOX1.3.2.0
2023-09-18 15:01:48,865 [WARN] PackLoader:240 - Cannot read IP mode file for SEGGER.I-CUBE-embOS.1.3.1
2023-09-18 15:01:48,944 [WARN] PackLoader:240 - Cannot read IP mode file for STMicroelectronics.X-CUBE-GNSS1.6.0.0
2023-09-18 15:01:48,974 [WARN] PackLoader:240 - Cannot read IP mode file for STMicroelectronics.X-CUBE-AZRTOS-F4.1.1.0
2023-09-18 15:01:48,983 [WARN] PackLoader:240 - Cannot read IP mode file for wolfSSL.I-CUBE-wolfSSL.5.6.3
2023-09-18 15:01:49,086 [WARN] PackLoader:240 - Cannot read IP mode file for STMicroelectronics.X-CUBE-AZRTOS-L5.2.0.0
2023-09-18 15:01:49,213 [WARN] PackLoader:240 - Cannot read IP mode file for STMicroelectronics.X-CUBE-MEMS1.9.6.0
2023-09-18 15:01:49,333 [WARN] PackLoader:240 - Cannot read IP mode file for STMicroelectronics.X-CUBE-BLEMGR.2.0.0
2023-09-18 15:01:49,368 [WARN] ConditionMgr:438 - getConditionDescription Invalid condition id : UX DEVICE CLASS RTOS Condition cause : null
2023-09-18 15:01:49,369 [WARN] ConditionMgr:438 - getConditionDescription Invalid condition id : UX DEVICE CLASS RTOS Condition cause : null
2023-09-18 15:01:49,375 [WARN] PackLoader:240 - Cannot read IP mode file for STMicroelectronics.X-CUBE-AZRTOS-H7.3.1.0
2023-09-18 15:01:49,377 [WARN] ConditionMgr:1039 - genDependencies : Invalid condition id : UX DEVICE CLASS RTOS Condition cause : null
2023-09-18 15:01:49,377 [WARN] ConditionMgr:1039 - genDependencies : Invalid condition id : UX DEVICE CLASS RTOS Condition cause : null
2023-09-18 15:01:49,378 [WARN] ConditionMgr:1039 - genDependencies : Invalid condition id : UX DEVICE CLASS RTOS Condition cause : null
2023-09-18 15:01:49,379 [WARN] ConditionMgr:1039 - genDependencies : Invalid condition id : UX DEVICE CLASS RTOS Condition cause : null
2023-09-18 15:01:49,379 [WARN] ConditionMgr:1039 - genDependencies : Invalid condition id : UX DEVICE CLASS RTOS Condition cause : null
2023-09-18 15:01:49,386 [WARN] PackLoader:240 - Cannot read IP mode file for STMicroelectronics.X-CUBE-NFC7.1.0.1
2023-09-18 15:01:49,398 [WARN] PackLoader:240 - Cannot read IP mode file for STMicroelectronics.X-CUBE-NFC6.3.0.0
2023-09-18 15:01:49,407 [WARN] PackLoader:240 - Cannot read IP mode file for STMicroelectronics.X-CUBE-EEPRMA1.4.1.0
2023-09-18 15:01:49,414 [WARN] PackLoader:240 - Cannot read IP mode file for STMicroelectronics.X-CUBE-AI.8.1.0
2023-09-18 15:01:49,433 [WARN] ConditionMgr:438 - getConditionDescription Invalid condition id : LAN8742 Phy interface Condition cause : null
2023-09-18 15:01:49,435 [WARN] PackLoader:240 - Cannot read IP mode file for STMicroelectronics.X-CUBE-AZRTOS-L4.2.0.0
2023-09-18 15:01:49,439 [WARN] ConditionMgr:1039 - genDependencies : Invalid condition id : LAN8742 Phy interface Condition cause : null
2023-09-18 15:01:49,441 [WARN] ConditionMgr:1039 - genDependencies : Invalid condition id : LAN8742 Phy interface Condition cause : null
2023-09-18 15:01:49,443 [WARN] ConditionMgr:1039 - genDependencies : Invalid condition id : LAN8742 Phy interface Condition cause : null
2023-09-18 15:01:49,459 [WARN] PackLoader:240 - Cannot read IP mode file for STMicroelectronics.X-CUBE-SFXS2LP1.4.0.0
2023-09-18 15:01:49,479 [WARN] PackLoader:240 - Cannot read IP mode file for STMicroelectronics.X-CUBE-ISPU.1.1.0
2023-09-18 15:01:49,519 [WARN] ConditionMgr:438 - getConditionDescription Invalid condition id : UX DEVICE CLASS RTOS Condition cause : null
2023-09-18 15:01:49,520 [WARN] ConditionMgr:438 - getConditionDescription Invalid condition id : UX DEVICE CLASS RTOS Condition cause : null
2023-09-18 15:01:49,526 [WARN] PackLoader:240 - Cannot read IP mode file for STMicroelectronics.X-CUBE-AZRTOS-WB.2.0.0
2023-09-18 15:01:49,529 [WARN] ConditionMgr:1039 - genDependencies : Invalid condition id : UX DEVICE CLASS RTOS Condition cause : null
2023-09-18 15:01:49,530 [WARN] ConditionMgr:1039 - genDependencies : Invalid condition id : UX DEVICE CLASS RTOS Condition cause : null
2023-09-18 15:01:49,531 [WARN] ConditionMgr:1039 - genDependencies : Invalid condition id : UX DEVICE CLASS RTOS Condition cause : null
2023-09-18 15:01:49,531 [WARN] ConditionMgr:1039 - genDependencies : Invalid condition id : UX DEVICE CLASS RTOS Condition cause : null
2023-09-18 15:01:49,532 [WARN] ConditionMgr:1039 - genDependencies : Invalid condition id : UX DEVICE CLASS RTOS Condition cause : null
2023-09-18 15:01:49,589 [WARN] PackLoader:240 - Cannot read IP mode file for STMicroelectronics.X-CUBE-SUBG2.5.0.0
2023-09-18 15:01:49,665 [WARN] PackLoader:240 - Cannot read IP mode file for STMicroelectronics.X-CUBE-TOF1.3.3.1
2023-09-18 15:01:49,727 [WARN] PackLoader:240 - Cannot read IP mode file for STMicroelectronics.X-CUBE-AZRTOS-G4.2.0.0
2023-09-18 15:01:49,746 [WARN] PackLoader:240 - Cannot read IP mode file for STMicroelectronics.X-CUBE-FREERTOS.1.1.0
2023-09-18 15:01:49,750 [WARN] PackLoader:240 - Cannot read IP mode file for portGmbH.I-Cube-SoM-uGOAL.1.1.0
2023-09-18 15:01:49,754 [WARN] PackLoader:240 - Cannot read IP mode file for STMicroelectronics.X-CUBE-ALS.1.0.1
2023-09-18 15:01:49,757 [WARN] PackLoader:240 - Cannot read IP mode file for STMicroelectronics.FP-ATR-ASTRA1.2.0.0
2023-09-18 15:01:49,763 [INFO] ThirdParty:978 - Integrity check success = true
2023-09-18 15:01:49,763 [INFO] IntegrityCheckThread:100 - exiting critical section [integrity check]
2023-09-18 15:01:49,763 [INFO] IntegrityCheckThread:103 - End integrity checks thread
2023-09-18 15:01:58,918 [INFO] McuFinderGlobals:63 - Set McuFinder mode to 2 (CubeIDE integrated)
2023-09-18 15:01:58,922 [INFO] MainUpdater:2868 - connection check result : 10
2023-09-18 15:01:59,418 [INFO] ApiDb:581 - Connected to CubeFinder SQLite database (/Users/ryan/.stmcufinder/plugins/mcufinder/mcu/cube-finder-db.db)
2023-09-18 15:01:59,453 [INFO] ApiDb:668 - CubeFinder database Data Model version=2.1
2023-09-18 15:01:59,454 [INFO] ApiDb:669 - CubeFinder database Configuration version=3.0.37
2023-09-18 15:01:59,454 [INFO] ApiDb:670 - CubeFinder database generation date=2023-08-31 (1693470701)
2023-09-18 15:01:59,454 [INFO] ApiDb:671 - CubeFinder database FW Pack versions=[FP-ATR-ASTRA1_V2.0.0, FP-SNS-FLIGHT1_V5.0.1, FP-SNS-FLIGHT1_V5.0.2, FP-SNS-MOTENV1_V4.3.1, FP-SNS-MOTENV1_V4.3.2, STM32Cube_FW_C0_V1.1.0, STM32Cube_FW_F4_V1.27.1, STM32Cube_FW_F7_V1.17.0, STM32Cube_FW_G0_V1.6.1, STM32Cube_FW_G4_V1.5.1, STM32Cube_FW_H5_V0.5.1, STM32Cube_FW_H5_V1.1.1, STM32Cube_FW_H7_V1.11.0, STM32Cube_FW_L0_V1.12.2, STM32Cube_FW_L5_V1.5.0, STM32Cube_FW_U5_V1.3.0, STM32Cube_FW_U5_V1.3.0RC4, STM32Cube_FW_WBA_V1.0.0RC1, STM32Cube_FW_WBA_V1.1.0, STM32Cube_FW_WBA_V1.1.0RC1, STM32Cube_FW_WB_V1.15.0RC1, STM32Cube_FW_WB_V1.16.0, STM32Cube_FW_WB_V1.16.0RC2, STM32Cube_FW_WB_V1.17.0, STM32Cube_FW_WB_V1.17.2, STM32Cube_FW_WL_V1.3.0, X-CUBE-ALGOBUILD_V1.3.0, X-CUBE-ALS_V1.0.1, X-CUBE-AZRTOS-F4_V1.1.0, X-CUBE-AZRTOS-F7_V1.1.0, X-CUBE-AZRTOS-G0_V1.1.0, X-CUBE-AZRTOS-G4_V2.0.0, X-CUBE-AZRTOS-H7_V3.1.0, X-CUBE-AZRTOS-L4_V1.0.0, X-CUBE-AZRTOS-L4_V2.0.0, X-CUBE-AZRTOS-L5_V1.1.0, X-CUBE-AZRTOS-WB_V2.0.0, X-CUBE-AZRTOS-WL_V2.0.0, X-CUBE-BLE1_V7.0.0, X-CUBE-BLE2_V3.3.0, X-CUBE-BLEMGR_V2.0.0, X-CUBE-EEPRMA1_V4.1.0, X-CUBE-FREERTOS_V1.1.0, X-CUBE-GNSS1_V6.0.0, X-CUBE-MEMS1_V9.1.0, X-CUBE-MEMS1_V9.4.0, X-CUBE-MEMS1_V9.6.0, X-CUBE-NFC4_V3.0.0, X-CUBE-NFC7_V1.0.0, X-CUBE-SFXS2LP1_V4.0.0, X-CUBE-SUBG2_V5.0.0, X-CUBE-TOF1_V3.3.1]
2023-09-18 15:01:59,522 [INFO] DbBoardsSqlite:226 - include board P-NUCLEO-WB55-NUCLEO as a kit item of type 'Nucleo-64'
2023-09-18 15:01:59,524 [INFO] DbBoardsSqlite:226 - include board P-NUCLEO-WB55-USBDONGLE as a kit item of type 'Nucleo USB Dongle'
2023-09-18 15:01:59,524 [INFO] DbBoardsSqlite:226 - include board STEVAL-IDP005V1 as a kit item of type 'Evaluation Board'
2023-09-18 15:01:59,524 [INFO] DbBoardsSqlite:226 - include board STEVAL-IDP005V2 as a kit item of type 'Evaluation Board'
2023-09-18 15:01:59,544 [INFO] ApiDb:240 - Found 323 in-development CPN: [B-G473E-ZEST1S, B-WB1M-WPAN1, B-WL5M-SUBG1, NUCLEO-C031C6, NUCLEO-H503RB, NUCLEO-H563ZI, NUCLEO-U545RE-Q, NUCLEO-U5A5ZJ-Q, NUCLEO-WBA52CG, STEVAL-PROTEUS1, STEVAL-SMARTAG2, STEVAL-STWINBX1, STM320518-EVAL, STM32C0116-DK, STM32C011D6Y3TR, STM32C011D6Y6TR, STM32C011F4P3, STM32C011F4P6, STM32C011F4U3, STM32C011F4U6TR, STM32C011F6P3, STM32C011F6P6, STM32C011F6U3, STM32C011F6U6TR, STM32C011J4M3, STM32C011J4M6, STM32C011J6M3, STM32C011J6M6, STM32C0316-DK, STM32C031C4T3, STM32C031C4T6, STM32C031C4U3, STM32C031C4U6, STM32C031C6T3, STM32C031C6T6, STM32C031C6U3, STM32C031C6U6, STM32C031F4P3, STM32C031F4P6, STM32C031F6P3, STM32C031F6P6, STM32C031G4U3, STM32C031G4U6, STM32C031G6U3, STM32C031G6U6, STM32C031K4T3, STM32C031K4T6, STM32C031K4U3, STM32C031K4U6, STM32C031K6T3, STM32C031K6T6, STM32C031K6U3, STM32C031K6U6, STM32G071K8TXN, STM32G071K8UXN, STM32G081GBU6N, STM32G081KBT6N, STM32G081KBUXN, STM32G0B1CCT6N, STM32G0B1KCT6, STM32G0B1NEY6TR, STM32G0B1RCT6N, STM32G0C1CCT6, STM32G0C1CCT6N, STM32G0C1CCU6N, STM32G0C1CET6N, STM32G0C1CEU6N, STM32G0C1KCT6, STM32G0C1NEY6TR, STM32G0C1RCI6N, STM32G0C1RCT6N, STM32G0C1REI6N, STM32G0C1RET6N, STM32G0C1VCI6, STM32G0C1VEI6, STM32G471CCT6, STM32G471CCU6, STM32G471CET3, STM32G471CET6, STM32G471CEU3, STM32G471CEU6, STM32G471MCT6, STM32G471MET3, STM32G471MET6, STM32G471MEY6TR, STM32G471QCT6, STM32G471QET3, STM32G471RCT6, STM32G471RET3, STM32G471RET6, STM32G471VCH6, STM32G471VCI6, STM32G471VCT6, STM32G471VEH3, STM32G471VEH6, STM32G471VEI3, STM32G471VEI6, STM32G471VET3, STM32G471VET6, STM32G474CCT6, STM32H503CBT6, STM32H503CBU6, STM32H503EBY6TR, STM32H503KBU6, STM32H503RBT6, STM32H562AGI6, STM32H562AII6, STM32H562IGK6, STM32H562IGT6, STM32H562IIK6, STM32H562IIT6, STM32H562RGT6, STM32H562RGV6, STM32H562RIT6, STM32H562RIV6, STM32H562VGT6, STM32H562VIT6, STM32H562ZGT6, STM32H562ZIT6, STM32H563AGI6, STM32H563AII3Q, STM32H563AII6, STM32H563IGK6, STM32H563IGT6, STM32H563IIK3Q, STM32H563IIK6, STM32H563IIT3Q, STM32H563IIT6, STM32H563MIY3QTR, STM32H563RGT6, STM32H563RGV6, STM32H563RIT6, STM32H563RIV6, STM32H563VGT6, STM32H563VIT3Q, STM32H563VIT6, STM32H563ZGT6, STM32H563ZIT3Q, STM32H563ZIT6, STM32H573AII3Q, STM32H573AII6, STM32H573I-DK, STM32H573IIK3Q, STM32H573IIK6, STM32H573IIT3Q, STM32H573IIT6, STM32H573MIY3QTR, STM32H573RIT6, STM32H573RIV6, STM32H573VIT3Q, STM32H573VIT6, STM32H573ZIT3Q, STM32H573ZIT6, STM32L4R5QGI6STR, STM32MP131AAE3, STM32MP131AAF3, STM32MP131AAG3, STM32MP131CAE3, STM32MP131CAF3, STM32MP131CAG3, STM32MP131DAE7, STM32MP131DAF7, STM32MP131DAG7, STM32MP131FAE7, STM32MP131FAF7, STM32MP131FAG7, STM32MP133AAE3, STM32MP133AAF3, STM32MP133AAG3, STM32MP133CAE3, STM32MP133CAF3, STM32MP133CAG3, STM32MP133DAE7, STM32MP133DAF7, STM32MP133DAG7, STM32MP133FAE7, STM32MP133FAF7, STM32MP133FAG7, STM32MP135AAE3, STM32MP135AAF3, STM32MP135AAG3, STM32MP135CAE3, STM32MP135CAF3, STM32MP135CAG3, STM32MP135DAE7, STM32MP135DAF7, STM32MP135DAG7, STM32MP135F-DK, STM32MP135FAE7, STM32MP135FAF7, STM32MP135FAF7T, STM32MP135FAF7U, STM32MP135FAG7, STM32U535CBT6, STM32U535CBT6Q, STM32U535CBU6, STM32U535CBU6Q, STM32U535CCT6, STM32U535CCT6Q, STM32U535CCU6, STM32U535CCU6Q, STM32U535CET6, STM32U535CET6Q, STM32U535CEU6, STM32U535CEU6Q, STM32U535JEY6QTR, STM32U535NCY6QTR, STM32U535NEY6QTR, STM32U535RBI6, STM32U535RBI6Q, STM32U535RBT6, STM32U535RBT6Q, STM32U535RCI6, STM32U535RCI6Q, STM32U535RCT6, STM32U535RCT6Q, STM32U535REI6, STM32U535REI6Q, STM32U535RET6, STM32U535RET6Q, STM32U535VCI6, STM32U535VCI6Q, STM32U535VCT6, STM32U535VCT6Q, STM32U535VEI6, STM32U535VEI6Q, STM32U535VET6, STM32U535VET6Q, STM32U545CET6, STM32U545CET6Q, STM32U545CEU6, STM32U545CEU6Q, STM32U545JEY6QTR, STM32U545NEY6QTR, STM32U545REI6, STM32U545REI6Q, STM32U545RET6, STM32U545RET6Q, STM32U545VEI6, STM32U545VEI6Q, STM32U545VET6, STM32U545VET6Q, STM32U595AIH6, STM32U595AIH6Q, STM32U595AJH6, STM32U595AJH6Q, STM32U595QII6, STM32U595QII6Q, STM32U595QJI6, STM32U595QJI6Q, STM32U595RIT6, STM32U595RIT6Q, STM32U595RJT6, STM32U595RJT6Q, STM32U595VIT6, STM32U595VIT6Q, STM32U595VJT6, STM32U595VJT6Q, STM32U595ZIT6, STM32U595ZIT6Q, STM32U595ZIY6QTR, STM32U595ZJT6, STM32U595ZJT6Q, STM32U595ZJY6QTR, STM32U599BJY6QTR, STM32U599NIH6Q, STM32U599NJH6Q, STM32U599VIT6Q, STM32U599VJT6, STM32U599VJT6Q, STM32U599ZIT6Q, STM32U599ZIY6QTR, STM32U599ZJT6Q, STM32U599ZJY6QTR, STM32U5A5AJH6, STM32U5A5AJH6Q, STM32U5A5QJI6, STM32U5A5QJI6Q, STM32U5A5RJT6, STM32U5A5RJT6Q, STM32U5A5VJT6, STM32U5A5VJT6Q, STM32U5A5ZJT6, STM32U5A5ZJT6Q, STM32U5A5ZJY6QTR, STM32U5A9BJY6QTR, STM32U5A9J-DK, STM32U5A9NJH6Q, STM32U5A9VJT6Q, STM32U5A9ZJT6Q, STM32U5A9ZJY6QTR, STM32U5F7VIT6, STM32U5F7VIT6Q, STM32U5F7VJT6, STM32U5F7VJT6Q, STM32U5F9BJY6QTR, STM32U5F9NJH6Q, STM32U5F9VIT6Q, STM32U5F9VJT6Q, STM32U5F9ZIJ6QTR, STM32U5F9ZIT6Q, STM32U5F9ZJJ6QTR, STM32U5F9ZJT6Q, STM32U5G7VJT6, STM32U5G7VJT6Q, STM32U5G9BJY6QTR, STM32U5G9J-DK1, STM32U5G9J-DK2, STM32U5G9NJH6Q, STM32U5G9VJT6Q, STM32U5G9ZJJ6QTR, STM32U5G9ZJT6Q, STM32WB1MMCH6, STM32WBA52CEU6, STM32WBA52CEU6T, STM32WBA52CGU6, STM32WBA52CGU6T, STM32WBA52KEU6, STM32WBA52KEU6T, STM32WBA52KGU6, STM32WBA52KGU6T, STM32WL5MOCH6, STM32WL5MOCH6TR]
2023-09-18 15:01:59,609 [INFO] BoardInfo:880 - No configuration file found for board P-NUCLEO-WB55
2023-09-18 15:01:59,609 [INFO] DbBoards:157 - Kit is not supported: P-NUCLEO-WB55
2023-09-18 15:01:59,613 [INFO] BoardInfo:880 - No configuration file found for board STEVAL-BFA001V1B
2023-09-18 15:01:59,613 [INFO] DbBoards:157 - Kit is not supported: STEVAL-BFA001V1B
2023-09-18 15:01:59,613 [INFO] BoardInfo:880 - No configuration file found for board STEVAL-BFA001V2B
2023-09-18 15:01:59,613 [INFO] DbBoards:157 - Kit is not supported: STEVAL-BFA001V2B
2023-09-18 15:01:59,727 [INFO] DbBoards:161 - Found 190 boards, 187 are supported
2023-09-18 15:01:59,737 [INFO] ApiDb:668 - CubeFinder database Data Model version=2.1
2023-09-18 15:01:59,737 [INFO] ApiDb:669 - CubeFinder database Configuration version=3.0.37
2023-09-18 15:01:59,738 [INFO] ApiDb:670 - CubeFinder database generation date=2023-08-31 (1693470701)
2023-09-18 15:01:59,738 [INFO] ApiDb:671 - CubeFinder database FW Pack versions=[FP-ATR-ASTRA1_V2.0.0, FP-SNS-FLIGHT1_V5.0.1, FP-SNS-FLIGHT1_V5.0.2, FP-SNS-MOTENV1_V4.3.1, FP-SNS-MOTENV1_V4.3.2, STM32Cube_FW_C0_V1.1.0, STM32Cube_FW_F4_V1.27.1, STM32Cube_FW_F7_V1.17.0, STM32Cube_FW_G0_V1.6.1, STM32Cube_FW_G4_V1.5.1, STM32Cube_FW_H5_V0.5.1, STM32Cube_FW_H5_V1.1.1, STM32Cube_FW_H7_V1.11.0, STM32Cube_FW_L0_V1.12.2, STM32Cube_FW_L5_V1.5.0, STM32Cube_FW_U5_V1.3.0, STM32Cube_FW_U5_V1.3.0RC4, STM32Cube_FW_WBA_V1.0.0RC1, STM32Cube_FW_WBA_V1.1.0, STM32Cube_FW_WBA_V1.1.0RC1, STM32Cube_FW_WB_V1.15.0RC1, STM32Cube_FW_WB_V1.16.0, STM32Cube_FW_WB_V1.16.0RC2, STM32Cube_FW_WB_V1.17.0, STM32Cube_FW_WB_V1.17.2, STM32Cube_FW_WL_V1.3.0, X-CUBE-ALGOBUILD_V1.3.0, X-CUBE-ALS_V1.0.1, X-CUBE-AZRTOS-F4_V1.1.0, X-CUBE-AZRTOS-F7_V1.1.0, X-CUBE-AZRTOS-G0_V1.1.0, X-CUBE-AZRTOS-G4_V2.0.0, X-CUBE-AZRTOS-H7_V3.1.0, X-CUBE-AZRTOS-L4_V1.0.0, X-CUBE-AZRTOS-L4_V2.0.0, X-CUBE-AZRTOS-L5_V1.1.0, X-CUBE-AZRTOS-WB_V2.0.0, X-CUBE-AZRTOS-WL_V2.0.0, X-CUBE-BLE1_V7.0.0, X-CUBE-BLE2_V3.3.0, X-CUBE-BLEMGR_V2.0.0, X-CUBE-EEPRMA1_V4.1.0, X-CUBE-FREERTOS_V1.1.0, X-CUBE-GNSS1_V6.0.0, X-CUBE-MEMS1_V9.1.0, X-CUBE-MEMS1_V9.4.0, X-CUBE-MEMS1_V9.6.0, X-CUBE-NFC4_V3.0.0, X-CUBE-NFC7_V1.0.0, X-CUBE-SFXS2LP1_V4.0.0, X-CUBE-SUBG2_V5.0.0, X-CUBE-TOF1_V3.3.1]
2023-09-18 15:02:00,652 [INFO] ApiDb:240 - Found 323 in-development CPN: [B-G473E-ZEST1S, B-WB1M-WPAN1, B-WL5M-SUBG1, NUCLEO-C031C6, NUCLEO-H503RB, NUCLEO-H563ZI, NUCLEO-U545RE-Q, NUCLEO-U5A5ZJ-Q, NUCLEO-WBA52CG, STEVAL-PROTEUS1, STEVAL-SMARTAG2, STEVAL-STWINBX1, STM320518-EVAL, STM32C0116-DK, STM32C011D6Y3TR, STM32C011D6Y6TR, STM32C011F4P3, STM32C011F4P6, STM32C011F4U3, STM32C011F4U6TR, STM32C011F6P3, STM32C011F6P6, STM32C011F6U3, STM32C011F6U6TR, STM32C011J4M3, STM32C011J4M6, STM32C011J6M3, STM32C011J6M6, STM32C0316-DK, STM32C031C4T3, STM32C031C4T6, STM32C031C4U3, STM32C031C4U6, STM32C031C6T3, STM32C031C6T6, STM32C031C6U3, STM32C031C6U6, STM32C031F4P3, STM32C031F4P6, STM32C031F6P3, STM32C031F6P6, STM32C031G4U3, STM32C031G4U6, STM32C031G6U3, STM32C031G6U6, STM32C031K4T3, STM32C031K4T6, STM32C031K4U3, STM32C031K4U6, STM32C031K6T3, STM32C031K6T6, STM32C031K6U3, STM32C031K6U6, STM32G071K8TXN, STM32G071K8UXN, STM32G081GBU6N, STM32G081KBT6N, STM32G081KBUXN, STM32G0B1CCT6N, STM32G0B1KCT6, STM32G0B1NEY6TR, STM32G0B1RCT6N, STM32G0C1CCT6, STM32G0C1CCT6N, STM32G0C1CCU6N, STM32G0C1CET6N, STM32G0C1CEU6N, STM32G0C1KCT6, STM32G0C1NEY6TR, STM32G0C1RCI6N, STM32G0C1RCT6N, STM32G0C1REI6N, STM32G0C1RET6N, STM32G0C1VCI6, STM32G0C1VEI6, STM32G471CCT6, STM32G471CCU6, STM32G471CET3, STM32G471CET6, STM32G471CEU3, STM32G471CEU6, STM32G471MCT6, STM32G471MET3, STM32G471MET6, STM32G471MEY6TR, STM32G471QCT6, STM32G471QET3, STM32G471RCT6, STM32G471RET3, STM32G471RET6, STM32G471VCH6, STM32G471VCI6, STM32G471VCT6, STM32G471VEH3, STM32G471VEH6, STM32G471VEI3, STM32G471VEI6, STM32G471VET3, STM32G471VET6, STM32G474CCT6, STM32H503CBT6, STM32H503CBU6, STM32H503EBY6TR, STM32H503KBU6, STM32H503RBT6, STM32H562AGI6, STM32H562AII6, STM32H562IGK6, STM32H562IGT6, STM32H562IIK6, STM32H562IIT6, STM32H562RGT6, STM32H562RGV6, STM32H562RIT6, STM32H562RIV6, STM32H562VGT6, STM32H562VIT6, STM32H562ZGT6, STM32H562ZIT6, STM32H563AGI6, STM32H563AII3Q, STM32H563AII6, STM32H563IGK6, STM32H563IGT6, STM32H563IIK3Q, STM32H563IIK6, STM32H563IIT3Q, STM32H563IIT6, STM32H563MIY3QTR, STM32H563RGT6, STM32H563RGV6, STM32H563RIT6, STM32H563RIV6, STM32H563VGT6, STM32H563VIT3Q, STM32H563VIT6, STM32H563ZGT6, STM32H563ZIT3Q, STM32H563ZIT6, STM32H573AII3Q, STM32H573AII6, STM32H573I-DK, STM32H573IIK3Q, STM32H573IIK6, STM32H573IIT3Q, STM32H573IIT6, STM32H573MIY3QTR, STM32H573RIT6, STM32H573RIV6, STM32H573VIT3Q, STM32H573VIT6, STM32H573ZIT3Q, STM32H573ZIT6, STM32L4R5QGI6STR, STM32MP131AAE3, STM32MP131AAF3, STM32MP131AAG3, STM32MP131CAE3, STM32MP131CAF3, STM32MP131CAG3, STM32MP131DAE7, STM32MP131DAF7, STM32MP131DAG7, STM32MP131FAE7, STM32MP131FAF7, STM32MP131FAG7, STM32MP133AAE3, STM32MP133AAF3, STM32MP133AAG3, STM32MP133CAE3, STM32MP133CAF3, STM32MP133CAG3, STM32MP133DAE7, STM32MP133DAF7, STM32MP133DAG7, STM32MP133FAE7, STM32MP133FAF7, STM32MP133FAG7, STM32MP135AAE3, STM32MP135AAF3, STM32MP135AAG3, STM32MP135CAE3, STM32MP135CAF3, STM32MP135CAG3, STM32MP135DAE7, STM32MP135DAF7, STM32MP135DAG7, STM32MP135F-DK, STM32MP135FAE7, STM32MP135FAF7, STM32MP135FAF7T, STM32MP135FAF7U, STM32MP135FAG7, STM32U535CBT6, STM32U535CBT6Q, STM32U535CBU6, STM32U535CBU6Q, STM32U535CCT6, STM32U535CCT6Q, STM32U535CCU6, STM32U535CCU6Q, STM32U535CET6, STM32U535CET6Q, STM32U535CEU6, STM32U535CEU6Q, STM32U535JEY6QTR, STM32U535NCY6QTR, STM32U535NEY6QTR, STM32U535RBI6, STM32U535RBI6Q, STM32U535RBT6, STM32U535RBT6Q, STM32U535RCI6, STM32U535RCI6Q, STM32U535RCT6, STM32U535RCT6Q, STM32U535REI6, STM32U535REI6Q, STM32U535RET6, STM32U535RET6Q, STM32U535VCI6, STM32U535VCI6Q, STM32U535VCT6, STM32U535VCT6Q, STM32U535VEI6, STM32U535VEI6Q, STM32U535VET6, STM32U535VET6Q, STM32U545CET6, STM32U545CET6Q, STM32U545CEU6, STM32U545CEU6Q, STM32U545JEY6QTR, STM32U545NEY6QTR, STM32U545REI6, STM32U545REI6Q, STM32U545RET6, STM32U545RET6Q, STM32U545VEI6, STM32U545VEI6Q, STM32U545VET6, STM32U545VET6Q, STM32U595AIH6, STM32U595AIH6Q, STM32U595AJH6, STM32U595AJH6Q, STM32U595QII6, STM32U595QII6Q, STM32U595QJI6, STM32U595QJI6Q, STM32U595RIT6, STM32U595RIT6Q, STM32U595RJT6, STM32U595RJT6Q, STM32U595VIT6, STM32U595VIT6Q, STM32U595VJT6, STM32U595VJT6Q, STM32U595ZIT6, STM32U595ZIT6Q, STM32U595ZIY6QTR, STM32U595ZJT6, STM32U595ZJT6Q, STM32U595ZJY6QTR, STM32U599BJY6QTR, STM32U599NIH6Q, STM32U599NJH6Q, STM32U599VIT6Q, STM32U599VJT6, STM32U599VJT6Q, STM32U599ZIT6Q, STM32U599ZIY6QTR, STM32U599ZJT6Q, STM32U599ZJY6QTR, STM32U5A5AJH6, STM32U5A5AJH6Q, STM32U5A5QJI6, STM32U5A5QJI6Q, STM32U5A5RJT6, STM32U5A5RJT6Q, STM32U5A5VJT6, STM32U5A5VJT6Q, STM32U5A5ZJT6, STM32U5A5ZJT6Q, STM32U5A5ZJY6QTR, STM32U5A9BJY6QTR, STM32U5A9J-DK, STM32U5A9NJH6Q, STM32U5A9VJT6Q, STM32U5A9ZJT6Q, STM32U5A9ZJY6QTR, STM32U5F7VIT6, STM32U5F7VIT6Q, STM32U5F7VJT6, STM32U5F7VJT6Q, STM32U5F9BJY6QTR, STM32U5F9NJH6Q, STM32U5F9VIT6Q, STM32U5F9VJT6Q, STM32U5F9ZIJ6QTR, STM32U5F9ZIT6Q, STM32U5F9ZJJ6QTR, STM32U5F9ZJT6Q, STM32U5G7VJT6, STM32U5G7VJT6Q, STM32U5G9BJY6QTR, STM32U5G9J-DK1, STM32U5G9J-DK2, STM32U5G9NJH6Q, STM32U5G9VJT6Q, STM32U5G9ZJJ6QTR, STM32U5G9ZJT6Q, STM32WB1MMCH6, STM32WBA52CEU6, STM32WBA52CEU6T, STM32WBA52CGU6, STM32WBA52CGU6T, STM32WBA52KEU6, STM32WBA52KEU6T, STM32WBA52KGU6, STM32WBA52KGU6T, STM32WL5MOCH6, STM32WL5MOCH6TR]
2023-09-18 15:02:00,659 [INFO] DbMcus:217 - Found 3848 MCUs, 3848 are supported
2023-09-18 15:02:00,661 [INFO] ApiDb:423 - Load user favorites file /Users/ryan/.stm32cubeide/favorites.mcus.txt: 0 item(s)
2023-09-18 15:02:00,662 [INFO] ApiDb:427 - User favorites MCUs=[]
2023-09-18 15:02:00,662 [INFO] DbMcus:223 - Set 0 / 0 favorites MCUs
2023-09-18 15:02:00,792 [INFO] ApiDb:423 - Load user favorites file /Users/ryan/.stm32cubeide/favorites.boards.txt: 0 item(s)
2023-09-18 15:02:00,792 [INFO] ApiDb:427 - User favorites Boards=[]
2023-09-18 15:02:00,792 [INFO] DbBoards:190 - Set 0 / 0 favorites Boards
2023-09-18 15:02:00,793 [INFO] McuFinderGlobals:76 - Set McuFinderConnectedMode to true
2023-09-18 15:02:00,808 [INFO] MultiScanPanel:200 - Auto-refresh data requested => check proxy status ongoing
2023-09-18 15:02:00,810 [INFO] FinderPluginLoader:95 - Searching for filters in installed packs
2023-09-18 15:02:02,098 [INFO] LoadUrlFilesThread:185 - End of LoadServerUrlFiles without Thread
2023-09-18 15:02:02,113 [INFO] DetailPanel:341 - Set advertising image to /Users/ryan/STM32Cube/Repository//en.prom-stm32h5-mcu-finder.jpg
2023-09-18 15:02:07,726 [ERROR] LogOutputStream:75 - [STDERR_REDIRECT] SLF4J: Failed to load class "org.slf4j.impl.StaticLoggerBinder".
2023-09-18 15:02:07,728 [ERROR] LogOutputStream:75 - [STDERR_REDIRECT] SLF4J: Defaulting to no-operation (NOP) logger implementation
2023-09-18 15:02:07,729 [ERROR] LogOutputStream:75 - [STDERR_REDIRECT] SLF4J: See http://www.slf4j.org/codes.html#StaticLoggerBinder for further details.
2023-09-18 15:02:36,789 [INFO] MainUpdater:2868 - connection check result : 10
2023-09-18 15:02:36,790 [INFO] MainUpdater:2868 - connection check result : 10
2023-09-18 15:02:36,883 [INFO] MicroXplorer:468 - Change Database Path : 
2023-09-18 15:02:36,883 [INFO] MicroXplorer:498 - Change Database Version : DB.6.0.91
2023-09-18 15:02:36,886 [WARN] ThirdParty:871 - waiting for thirdparty lock release [close project]
2023-09-18 15:02:36,886 [INFO] ThirdParty:873 - entering critical section [close project]
2023-09-18 15:02:36,891 [INFO] ThirdParty:883 - exiting critical section [close project]
2023-09-18 15:02:36,896 [INFO] PinOutPanel:1499 - setPackage(No Configuration,No Configuration)
2023-09-18 15:02:36,962 [INFO] UtilMem:75 - Begin LoadConfig() Used Memory: 556735152 Bytes (694157312)
2023-09-18 15:02:36,964 [INFO] MicroXplorer:468 - Change Database Path : 
2023-09-18 15:02:36,964 [INFO] MicroXplorer:498 - Change Database Version : DB.6.0.91
2023-09-18 15:02:36,964 [INFO] OpenFileManager:308 - Change cursor
2023-09-18 15:02:37,105 [INFO] Mcu:1946 - Initializing MCU STM32F446R(C-E)Tx STM32F446RETx STM32F446RET6
2023-09-18 15:02:38,907 [INFO] Context:659 - Trying to add GPIOservice into a context  which must be forbidden
2023-09-18 15:02:40,097 [INFO] RtosManager:555 - Registered RTOS mode: class=CMSIS, group=RTOS, mode=CMSIS_V1, owner=FREERTOS
2023-09-18 15:02:40,098 [INFO] RtosManager:555 - Registered RTOS mode: class=CMSIS, group=RTOS2, mode=CMSIS_V2, owner=FREERTOS
2023-09-18 15:02:40,099 [INFO] RtosManager:555 - Registered RTOS mode: class=RTOS, group=Core, mode=CMSIS_V1, owner=FREERTOS
2023-09-18 15:02:40,099 [INFO] RtosManager:555 - Registered RTOS mode: class=RTOS, group=Core, mode=CMSIS_V2, owner=FREERTOS
2023-09-18 15:02:40,099 [WARN] ModelIntegratedComponent:184 - Missing modes for component STMicroelectronics:FreeRTOS:0.0.1:STMicroelectronics:RTOS:FreeRTOS:Core:::10.2.0:
2023-09-18 15:02:40,121 [WARN] ModelIntegratedComponent:63 - No mode defined for component null
2023-09-18 15:02:40,121 [WARN] ModelIntegratedComponent:63 - No mode defined for component null
2023-09-18 15:02:40,121 [WARN] ModelIntegratedComponent:63 - No mode defined for component null
2023-09-18 15:02:40,121 [WARN] ModelIntegratedComponent:63 - No mode defined for component null
2023-09-18 15:02:40,121 [WARN] ModelIntegratedComponent:63 - No mode defined for component null
2023-09-18 15:02:40,121 [WARN] ModelIntegratedComponent:63 - No mode defined for component null
2023-09-18 15:02:40,121 [WARN] ModelIntegratedComponent:63 - No mode defined for component null
2023-09-18 15:02:40,121 [WARN] ModelIntegratedComponent:63 - No mode defined for component null
2023-09-18 15:02:40,121 [WARN] ModelIntegratedComponent:63 - No mode defined for component null
2023-09-18 15:02:40,121 [WARN] ModelIntegratedComponent:63 - No mode defined for component null
2023-09-18 15:02:40,121 [WARN] ModelIntegratedComponent:63 - No mode defined for component null
2023-09-18 15:02:40,121 [WARN] ModelIntegratedComponent:63 - No mode defined for component null
2023-09-18 15:02:40,121 [WARN] ModelIntegratedComponent:63 - No mode defined for component null
2023-09-18 15:02:40,121 [WARN] ModelIntegratedComponent:63 - No mode defined for component null
2023-09-18 15:02:40,121 [WARN] ModelIntegratedComponent:63 - No mode defined for component null
2023-09-18 15:02:40,121 [WARN] ModelIntegratedComponent:63 - No mode defined for component null
2023-09-18 15:02:40,121 [WARN] ModelIntegratedComponent:63 - No mode defined for component null
2023-09-18 15:02:40,121 [WARN] ModelIntegratedComponent:63 - No mode defined for component null
2023-09-18 15:02:40,121 [WARN] ModelIntegratedComponent:63 - No mode defined for component null
2023-09-18 15:02:40,121 [WARN] ModelIntegratedComponent:63 - No mode defined for component null
2023-09-18 15:02:40,121 [WARN] ModelIntegratedComponent:63 - No mode defined for component null
2023-09-18 15:02:40,121 [WARN] ModelIntegratedComponent:63 - No mode defined for component null
2023-09-18 15:02:40,121 [WARN] ModelIntegratedComponent:63 - No mode defined for component null
2023-09-18 15:02:40,121 [WARN] ModelIntegratedComponent:63 - No mode defined for component null
2023-09-18 15:02:40,122 [WARN] ModelIntegratedComponent:63 - No mode defined for component null
2023-09-18 15:02:40,122 [WARN] ModelIntegratedComponent:63 - No mode defined for component null
2023-09-18 15:02:40,122 [WARN] ModelIntegratedComponent:63 - No mode defined for component null
2023-09-18 15:02:40,122 [WARN] ModelIntegratedComponent:63 - No mode defined for component null
2023-09-18 15:02:40,122 [WARN] ModelIntegratedComponent:63 - No mode defined for component null
2023-09-18 15:02:40,122 [WARN] ModelIntegratedComponent:63 - No mode defined for component null
2023-09-18 15:02:40,122 [WARN] ModelIntegratedComponent:63 - No mode defined for component null
2023-09-18 15:02:40,122 [WARN] ModelIntegratedComponent:63 - No mode defined for component null
2023-09-18 15:02:40,122 [WARN] ModelIntegratedComponent:63 - No mode defined for component null
2023-09-18 15:02:40,159 [INFO] ThirdPartyModel:298 - Start build external matchings
2023-09-18 15:02:40,400 [INFO] ThirdPartyModel:316 - End build external matchings
2023-09-18 15:02:40,431 [INFO] ImportTextPane:194 - (OptionalMessage_ERROR) IP (RCC) : Invalid parameter (48MHZClocksFreq_Value)
2023-09-18 15:02:40,433 [INFO] ImportTextPane:194 - (OptionalMessage_ERROR) IP (RCC) : Invalid parameter (EthernetFreq_Value)
2023-09-18 15:02:40,437 [INFO] ImportTextPane:194 - (OptionalMessage_ERROR) IP (RCC) : Parameter (FLatency) has Id (AdvancedSettings) currently not set
2023-09-18 15:02:40,437 [INFO] ImportTextPane:194 - (OptionalMessage_ERROR) IP (RCC) : Invalid parameter (FamilyName)
2023-09-18 15:02:40,437 [INFO] ImportTextPane:194 - (OptionalMessage_ERROR) IP (RCC) : Invalid parameter (I2SClocksFreq_Value)
2023-09-18 15:02:40,437 [INFO] ImportTextPane:194 - (OptionalMessage_ERROR) IP (RCC) : Parameter (MCO2PinFreq_Value) has invalid value (180000000)
2023-09-18 15:02:40,444 [INFO] ImportTextPane:194 - (OptionalMessage_ERROR) IP (RCC) : Parameter (SDIOFreq_Value) has invalid value (180000000)
2023-09-18 15:02:40,444 [INFO] ImportTextPane:194 - (OptionalMessage_ERROR) IP (RCC) : Parameter (USBFreq_Value) has invalid value (180000000)
2023-09-18 15:02:40,445 [INFO] ImportTextPane:194 - (OptionalMessage_ERROR) IP (RCC) : Invalid parameter (VCOInputMFreq_Value)
2023-09-18 15:02:40,445 [INFO] ImportTextPane:194 - (OptionalMessage_ERROR) IP (RCC) : Invalid parameter (VcooutputI2S)
2023-09-18 15:02:40,897 [INFO] UtilMem:75 - End LoadConfig() Used Memory: 676828272 Bytes (1027604480)
2023-09-18 15:02:41,027 [WARN] ThirdParty:833 - waiting for thirdparty lock release [change project]
2023-09-18 15:02:41,029 [INFO] ThirdParty:835 - entering critical section [change project]
2023-09-18 15:02:41,030 [INFO] ThirdParty:1030 - CMSIS Pack Vendor :STMicroelectronics X-CUBE-ISPU 1.1.0
2023-09-18 15:02:41,030 [INFO] ThirdParty:1030 - CMSIS Pack Vendor :STMicroelectronics USBPD 4.1
2023-09-18 15:02:41,030 [INFO] ThirdParty:1030 - CMSIS Pack Vendor :STMicroelectronics X-CUBE-GNSS1 6.0.0
2023-09-18 15:02:41,030 [INFO] ThirdParty:1030 - CMSIS Pack Vendor :STMicroelectronics USB_HOST 2.0.0
2023-09-18 15:02:41,030 [INFO] ThirdParty:1030 - CMSIS Pack Vendor :STMicroelectronics X-CUBE-AZRTOS-F4 1.1.0
2023-09-18 15:02:41,030 [INFO] ThirdParty:1030 - CMSIS Pack Vendor :STMicroelectronics LIBJPEG 8.0.0
2023-09-18 15:02:41,030 [INFO] ThirdParty:1030 - CMSIS Pack Vendor :wolfSSL I-CUBE-wolfSSL 5.6.3
2023-09-18 15:02:41,030 [INFO] ThirdParty:1030 - CMSIS Pack Vendor :STMicroelectronics X-CUBE-SMBUS 2.1.0
2023-09-18 15:02:41,031 [INFO] ThirdParty:1030 - CMSIS Pack Vendor :STMicroelectronics USB_DEVICE 3.0.0
2023-09-18 15:02:41,031 [INFO] ThirdParty:1030 - CMSIS Pack Vendor :STMicroelectronics X-CUBE-AZRTOS-WB 2.0.0
2023-09-18 15:02:41,031 [INFO] ThirdParty:1030 - CMSIS Pack Vendor :STMicroelectronics X-CUBE-AZRTOS-F7 1.1.0
2023-09-18 15:02:41,031 [INFO] ThirdParty:1030 - CMSIS Pack Vendor :STMicroelectronics X-CUBE-AZRTOS-L5 2.0.0
2023-09-18 15:02:41,031 [INFO] ThirdParty:1030 - CMSIS Pack Vendor :STMicroelectronics USB_DEVICE 2.0.0
2023-09-18 15:02:41,031 [INFO] ThirdParty:1030 - CMSIS Pack Vendor :STMicroelectronics X-CUBE-MEMS1 9.6.0
2023-09-18 15:02:41,031 [INFO] ThirdParty:1030 - CMSIS Pack Vendor :STMicroelectronics FP-SNS-MOTENV1 4.3.2
2023-09-18 15:02:41,031 [INFO] ThirdParty:1030 - CMSIS Pack Vendor :STMicroelectronics X-CUBE-ALGOBUILD 1.3.0
2023-09-18 15:02:41,031 [INFO] ThirdParty:1030 - CMSIS Pack Vendor :STMicroelectronics FreeRTOS 0.0.1
2023-09-18 15:02:41,031 [INFO] ThirdParty:1030 - CMSIS Pack Vendor :STMicroelectronics X-CUBE-AZRTOS-G0 1.1.0
2023-09-18 15:02:41,031 [INFO] ThirdParty:1030 - CMSIS Pack Vendor :STMicroelectronics X-CUBE-BLEMGR 2.0.0
2023-09-18 15:02:41,032 [INFO] ThirdParty:1030 - CMSIS Pack Vendor :STMicroelectronics X-CUBE-NFC4 3.0.0
2023-09-18 15:02:41,032 [INFO] ThirdParty:1030 - CMSIS Pack Vendor :STMicroelectronics X-CUBE-SUBG2 5.0.0
2023-09-18 15:02:41,032 [INFO] ThirdParty:1030 - CMSIS Pack Vendor :STMicroelectronics STM32_WPAN 1.0.0
2023-09-18 15:02:41,032 [INFO] ThirdParty:1030 - CMSIS Pack Vendor :STMicroelectronics lwIP 2.0.3
2023-09-18 15:02:41,032 [INFO] ThirdParty:1030 - CMSIS Pack Vendor :STMicroelectronics FP-SNS-FLIGHT1 5.0.2
2023-09-18 15:02:41,032 [INFO] ThirdParty:1030 - CMSIS Pack Vendor :STMicroelectronics USB_HOST 1.0.0
2023-09-18 15:02:41,032 [INFO] ThirdParty:1030 - CMSIS Pack Vendor :STMicroelectronics X-CUBE-TOF1 3.3.1
2023-09-18 15:02:41,032 [INFO] ThirdParty:1030 - CMSIS Pack Vendor :STMicroelectronics X-CUBE-AZRTOS-G4 2.0.0
2023-09-18 15:02:41,032 [INFO] ThirdParty:1030 - CMSIS Pack Vendor :STMicroelectronics PDM2PCM 3.1.0
2023-09-18 15:02:41,032 [INFO] ThirdParty:1030 - CMSIS Pack Vendor :STMicroelectronics X-CUBE-AZRTOS-H7 3.1.0
2023-09-18 15:02:41,032 [INFO] ThirdParty:1030 - CMSIS Pack Vendor :STMicroelectronics PDM2PCM 3.3.0
2023-09-18 15:02:41,032 [INFO] ThirdParty:1030 - CMSIS Pack Vendor :STMicroelectronics X-CUBE-DISPLAY 3.0.0
2023-09-18 15:02:41,033 [INFO] ThirdParty:1030 - CMSIS Pack Vendor :STMicroelectronics X-CUBE-BLE1 7.0.0
2023-09-18 15:02:41,033 [INFO] ThirdParty:1030 - CMSIS Pack Vendor :STMicroelectronics FP-ATR-SIGFOX1 3.2.0
2023-09-18 15:02:41,033 [INFO] ThirdParty:1030 - CMSIS Pack Vendor :STMicroelectronics HAL Drivers 0.0.0
2023-09-18 15:02:41,033 [INFO] ThirdParty:1030 - CMSIS Pack Vendor :STMicroelectronics MBEDTLS 2.16.2
2023-09-18 15:02:41,033 [INFO] ThirdParty:1030 - CMSIS Pack Vendor :emotas I-CUBE-CANOPEN 1.3.0
2023-09-18 15:02:41,033 [INFO] ThirdParty:1030 - CMSIS Pack Vendor :STMicroelectronics X-CUBE-FREERTOS 1.1.0
2023-09-18 15:02:41,033 [INFO] ThirdParty:1030 - CMSIS Pack Vendor :STMicroelectronics X-CUBE-TOUCHGFX 4.22.0
2023-09-18 15:02:41,033 [INFO] ThirdParty:1030 - CMSIS Pack Vendor :STMicroelectronics X-CUBE-NFC7 1.0.1
2023-09-18 15:02:41,033 [INFO] ThirdParty:1030 - CMSIS Pack Vendor :STMicroelectronics MBEDTLS 2.14.1
2023-09-18 15:02:41,033 [INFO] ThirdParty:1030 - CMSIS Pack Vendor :STMicroelectronics X-CUBE-NFC6 3.0.0
2023-09-18 15:02:41,033 [INFO] ThirdParty:1030 - CMSIS Pack Vendor :STMicroelectronics X-CUBE-EEPRMA1 4.1.0
2023-09-18 15:02:41,033 [INFO] ThirdParty:1030 - CMSIS Pack Vendor :portGmbH I-Cube-SoM-uGOAL 1.1.0
2023-09-18 15:02:41,033 [INFO] ThirdParty:1030 - CMSIS Pack Vendor :STMicroelectronics X-CUBE-ALS 1.0.1
2023-09-18 15:02:41,033 [INFO] ThirdParty:1030 - CMSIS Pack Vendor :STMicroelectronics ThreadX 1.0.0
2023-09-18 15:02:41,033 [INFO] ThirdParty:1030 - CMSIS Pack Vendor :STMicroelectronics FP-SNS-SMARTAG2 1.2.0
2023-09-18 15:02:41,033 [INFO] ThirdParty:1030 - CMSIS Pack Vendor :STMicroelectronics X-CUBE-AZRTOS-WL 2.0.0
2023-09-18 15:02:41,033 [INFO] ThirdParty:1030 - CMSIS Pack Vendor :SEGGER I-CUBE-embOS 1.3.1
2023-09-18 15:02:41,033 [INFO] ThirdParty:1030 - CMSIS Pack Vendor :STMicroelectronics USB_DEVICE 1.0.0
2023-09-18 15:02:41,033 [INFO] ThirdParty:1030 - CMSIS Pack Vendor :STMicroelectronics X-CUBE-AI 8.1.0
2023-09-18 15:02:41,033 [INFO] ThirdParty:1030 - CMSIS Pack Vendor :STMicroelectronics X-CUBE-AZRTOS-L4 2.0.0
2023-09-18 15:02:41,034 [INFO] ThirdParty:1030 - CMSIS Pack Vendor :STMicroelectronics ThreadX 0.0.2
2023-09-18 15:02:41,035 [INFO] ThirdParty:1030 - CMSIS Pack Vendor :WES I-CUBE-Cesium 1.3.0
2023-09-18 15:02:41,035 [INFO] ThirdParty:1030 - CMSIS Pack Vendor :STMicroelectronics FP-ATR-ASTRA1 2.0.0
2023-09-18 15:02:41,035 [INFO] ThirdParty:1030 - CMSIS Pack Vendor :STMicroelectronics lwIP 2.1.2
2023-09-18 15:02:41,035 [INFO] ThirdParty:1030 - CMSIS Pack Vendor :STMicroelectronics X-CUBE-SFXS2LP1 4.0.0
2023-09-18 15:02:41,035 [INFO] ThirdParty:1030 - CMSIS Pack Vendor :STMicroelectronics X-CUBE-BLE2 3.3.0
2023-09-18 15:02:41,035 [INFO] ThirdParty:1030 - CMSIS Pack Vendor :STMicroelectronics PDM2PCM 3.2.0
2023-09-18 15:02:41,038 [INFO] ThirdParty:841 - exiting critical section [change project]
2023-09-18 15:02:41,793 [INFO] PinOutPanel:1499 - setPackage(No Configuration,No Configuration)
2023-09-18 15:02:41,803 [INFO] PinOutPanel:1499 - setPackage(STM32F446RETx,LQFP64)
2023-09-18 15:02:43,090 [INFO] UtilMem:75 - Before build in PCC Used Memory: 890878816 Bytes (1027604480)
2023-09-18 15:02:44,252 [INFO] UtilMem:75 - After build in PCC Used Memory: 468531752 Bytes (1027604480)
2023-09-18 15:02:44,456 [INFO] IPUIPlugin:80 - create IPUIPlugin
2023-09-18 15:02:44,461 [INFO] IPUIPlugin:80 - create IPUIPlugin
2023-09-18 15:02:44,461 [INFO] IPUIPlugin:80 - create IPUIPlugin
2023-09-18 15:02:44,463 [INFO] IPUIPlugin:80 - create IPUIPlugin
2023-09-18 15:02:44,465 [INFO] IPUIPlugin:80 - create IPUIPlugin
2023-09-18 15:02:44,465 [INFO] IPUIPlugin:80 - create IPUIPlugin
2023-09-18 15:02:44,465 [INFO] IPUIPlugin:80 - create IPUIPlugin
2023-09-18 15:02:44,465 [INFO] IPUIPlugin:80 - create IPUIPlugin
2023-09-18 15:02:44,465 [INFO] IPUIPlugin:80 - create IPUIPlugin
2023-09-18 15:02:44,465 [INFO] IPUIPlugin:80 - create IPUIPlugin
2023-09-18 15:02:44,466 [INFO] IPUIPlugin:80 - create IPUIPlugin
2023-09-18 15:02:44,466 [INFO] IPUIPlugin:80 - create IPUIPlugin
2023-09-18 15:02:44,474 [INFO] IPUIPlugin:80 - create IPUIPlugin
2023-09-18 15:02:44,475 [INFO] IPUIPlugin:80 - create IPUIPlugin
2023-09-18 15:02:44,475 [INFO] IPUIPlugin:80 - create IPUIPlugin
2023-09-18 15:02:44,475 [INFO] IPUIPlugin:80 - create IPUIPlugin
2023-09-18 15:02:44,475 [INFO] IPUIPlugin:80 - create IPUIPlugin
2023-09-18 15:02:44,476 [INFO] IPUIPlugin:80 - create IPUIPlugin
2023-09-18 15:02:44,476 [INFO] IPUIPlugin:80 - create IPUIPlugin
2023-09-18 15:02:44,476 [INFO] IPUIPlugin:80 - create IPUIPlugin
2023-09-18 15:02:44,476 [INFO] IPUIPlugin:80 - create IPUIPlugin
2023-09-18 15:02:44,476 [INFO] IPUIPlugin:80 - create IPUIPlugin
2023-09-18 15:02:44,476 [INFO] IPUIPlugin:80 - create IPUIPlugin
2023-09-18 15:02:44,476 [INFO] IPUIPlugin:80 - create IPUIPlugin
2023-09-18 15:02:44,476 [INFO] IPUIPlugin:80 - create IPUIPlugin
2023-09-18 15:02:44,476 [INFO] IPUIPlugin:80 - create IPUIPlugin
2023-09-18 15:02:44,477 [INFO] IPUIPlugin:80 - create IPUIPlugin
2023-09-18 15:02:44,477 [INFO] IPUIPlugin:80 - create IPUIPlugin
2023-09-18 15:02:44,477 [INFO] IPUIPlugin:80 - create IPUIPlugin
2023-09-18 15:02:44,477 [INFO] IPUIPlugin:80 - create IPUIPlugin
2023-09-18 15:02:44,477 [INFO] IPUIPlugin:80 - create IPUIPlugin
2023-09-18 15:02:44,477 [INFO] IPUIPlugin:80 - create IPUIPlugin
2023-09-18 15:02:44,477 [INFO] IPUIPlugin:80 - create IPUIPlugin
2023-09-18 15:02:44,478 [INFO] IPUIPlugin:80 - create IPUIPlugin
2023-09-18 15:02:44,478 [INFO] IPUIPlugin:80 - create IPUIPlugin
2023-09-18 15:02:44,478 [INFO] IPUIPlugin:80 - create IPUIPlugin
2023-09-18 15:02:44,478 [INFO] IPUIPlugin:80 - create IPUIPlugin
2023-09-18 15:02:44,478 [INFO] IPUIPlugin:80 - create IPUIPlugin
2023-09-18 15:02:44,478 [INFO] IPUIPlugin:80 - create IPUIPlugin
2023-09-18 15:02:44,478 [INFO] IPUIPlugin:80 - create IPUIPlugin
2023-09-18 15:02:44,478 [INFO] IPUIPlugin:80 - create IPUIPlugin
2023-09-18 15:02:44,478 [INFO] IPUIPlugin:80 - create IPUIPlugin
2023-09-18 15:02:44,478 [INFO] IPUIPlugin:80 - create IPUIPlugin
2023-09-18 15:02:44,478 [INFO] IPUIPlugin:80 - create IPUIPlugin
2023-09-18 15:02:44,478 [INFO] IPUIPlugin:80 - create IPUIPlugin
2023-09-18 15:02:44,478 [INFO] IPUIPlugin:80 - create IPUIPlugin
2023-09-18 15:02:44,478 [INFO] IPUIPlugin:80 - create IPUIPlugin
2023-09-18 15:02:44,478 [INFO] IPUIPlugin:80 - create IPUIPlugin
2023-09-18 15:02:44,478 [INFO] IPUIPlugin:80 - create IPUIPlugin
2023-09-18 15:02:44,479 [INFO] IPUIPlugin:80 - create IPUIPlugin
2023-09-18 15:02:44,479 [INFO] IPUIPlugin:80 - create IPUIPlugin
2023-09-18 15:02:44,479 [INFO] IPUIPlugin:80 - create IPUIPlugin
2023-09-18 15:02:44,479 [INFO] IPUIPlugin:80 - create IPUIPlugin
2023-09-18 15:02:44,479 [INFO] IPUIPlugin:80 - create IPUIPlugin
2023-09-18 15:02:44,480 [INFO] IPUIPlugin:80 - create IPUIPlugin
2023-09-18 15:02:44,480 [INFO] IPUIPlugin:80 - create IPUIPlugin
2023-09-18 15:02:44,481 [INFO] IPUIPlugin:80 - create IPUIPlugin
2023-09-18 15:02:44,484 [INFO] IPUIPlugin:80 - create IPUIPlugin
2023-09-18 15:02:44,484 [INFO] IPUIPlugin:80 - create IPUIPlugin
2023-09-18 15:02:44,484 [INFO] IPUIPlugin:80 - create IPUIPlugin
2023-09-18 15:02:44,547 [INFO] ApiDbMcu:507 - Load IP Config File for PDM2PCM
2023-09-18 15:02:44,856 [INFO] CADModel:165 - CPN selected for project levelSTM32F446RET6
2023-09-18 15:02:44,856 [INFO] CADModel:114 - Register for checkConnection events
2023-09-18 15:02:44,906 [INFO] OpenFileManager:328 - Restore cursor
2023-09-18 15:02:46,806 [INFO] UtilMem:75 - End SaveConfig() Used Memory: 616203928 Bytes (1027604480)
2023-09-18 15:02:46,989 [INFO] UtilMem:75 - End SaveConfig() Used Memory: 636653208 Bytes (1027604480)
2023-09-18 15:02:47,608 [INFO] BlockDiagram:2759 - set Specific Code input for plugin: TIM1_8
2023-09-18 15:02:47,609 [INFO] BlockDiagram:2759 - set Specific Code input for plugin: TIM1_8
2023-09-18 15:02:47,609 [INFO] BlockDiagram:2759 - set Specific Code input for plugin: TIM1_8
2023-09-18 15:02:47,609 [INFO] BlockDiagram:2759 - set Specific Code input for plugin: SYS
2023-09-18 15:02:47,609 [INFO] BlockDiagram:2759 - set Specific Code input for plugin: ADC
2023-09-18 15:02:47,609 [INFO] BlockDiagram:2759 - set Specific Code input for plugin: RCC
2023-09-18 15:02:47,609 [INFO] BlockDiagram:2759 - set Specific Code input for plugin: NVIC
2023-09-18 15:02:47,609 [INFO] BlockDiagram:2759 - set Specific Code input for plugin: USART
2023-09-18 15:02:47,612 [INFO] BlockDiagram:2759 - set Specific Code input for plugin: GPIO
2023-09-18 15:02:47,614 [INFO] CodeGenerator:799 - code generatio: config db path: /Applications/STM32CubeIDE.app/Contents/Eclipse/plugins/com.st.stm32cube.common.mx_6.9.1.202307191849//db/
2023-09-18 15:02:48,110 [INFO] CodeEngine:255 - oldGeneratedFile, /Users/ryan/Documents/GitHub/EVC-Remote-Cart/RCGoKart/MXTmpFiles/license.tmp_save
2023-09-18 15:02:49,010 [INFO] CodeEngine:279 - Generated code: /Users/ryan/Documents/GitHub/EVC-Remote-Cart/RCGoKart/MXTmpFiles/license.tmp
2023-09-18 15:02:49,217 [INFO] CodeEngine:255 - oldGeneratedFile, /Users/ryan/Documents/GitHub/EVC-Remote-Cart/RCGoKart/MXTmpFiles/gpio.tmp_save
2023-09-18 15:02:49,583 [INFO] CodeEngine:279 - Generated code: /Users/ryan/Documents/GitHub/EVC-Remote-Cart/RCGoKart/MXTmpFiles/gpio.tmp
2023-09-18 15:02:50,171 [INFO] CodeEngine:255 - oldGeneratedFile, /Users/ryan/Documents/GitHub/EVC-Remote-Cart/RCGoKart/Core/Src/stm32f4xx_it.c_save
2023-09-18 15:02:50,434 [INFO] CodeEngine:279 - Generated code: /Users/ryan/Documents/GitHub/EVC-Remote-Cart/RCGoKart/Core/Src/stm32f4xx_it.c
2023-09-18 15:02:50,437 [INFO] CodeEngine:255 - oldGeneratedFile, /Users/ryan/Documents/GitHub/EVC-Remote-Cart/RCGoKart/Core/Inc/stm32f4xx_it.h_save
2023-09-18 15:02:50,537 [INFO] CodeEngine:279 - Generated code: /Users/ryan/Documents/GitHub/EVC-Remote-Cart/RCGoKart/Core/Inc/stm32f4xx_it.h
2023-09-18 15:02:50,548 [INFO] CodeEngine:255 - oldGeneratedFile, /Users/ryan/Documents/GitHub/EVC-Remote-Cart/RCGoKart/Core/Src/stm32f4xx_hal_msp.c_save
2023-09-18 15:02:50,840 [INFO] CodeEngine:279 - Generated code: /Users/ryan/Documents/GitHub/EVC-Remote-Cart/RCGoKart/Core/Src/stm32f4xx_hal_msp.c
2023-09-18 15:02:50,852 [INFO] CodeEngine:255 - oldGeneratedFile, /Users/ryan/Documents/GitHub/EVC-Remote-Cart/RCGoKart/MXTmpFiles/system.tmp_save
2023-09-18 15:02:50,911 [INFO] CodeEngine:279 - Generated code: /Users/ryan/Documents/GitHub/EVC-Remote-Cart/RCGoKart/MXTmpFiles/system.tmp
2023-09-18 15:02:50,920 [INFO] CodeEngine:311 - oldGeneratedFile, /Users/ryan/Documents/GitHub/EVC-Remote-Cart/RCGoKart/Core/Inc/stm32f4xx_hal_conf.h_save
2023-09-18 15:02:51,011 [INFO] CodeEngine:335 - Generated code: /Users/ryan/Documents/GitHub/EVC-Remote-Cart/RCGoKart/Core/Inc/stm32f4xx_hal_conf.h
2023-09-18 15:02:51,098 [WARN] IPConfigManager:2937 - Warning: the RefConfig PLL2P_FOR_MCO is not available in your config.xml file
2023-09-18 15:02:51,108 [WARN] IPConfigManager:3431 - IP not found : TIM
2023-09-18 15:02:51,108 [WARN] CodeGenerator:3760 - IP not found : null
2023-09-18 15:02:51,110 [INFO] CodeEngine:255 - oldGeneratedFile, /Users/ryan/Documents/GitHub/EVC-Remote-Cart/RCGoKart/Core/Inc/main.h_save
2023-09-18 15:02:51,201 [INFO] CodeEngine:279 - Generated code: /Users/ryan/Documents/GitHub/EVC-Remote-Cart/RCGoKart/Core/Inc/main.h
2023-09-18 15:02:51,215 [INFO] CodeEngine:255 - oldGeneratedFile, /Users/ryan/Documents/GitHub/EVC-Remote-Cart/RCGoKart/Core/Src/main.c_save
2023-09-18 15:02:51,697 [INFO] CodeEngine:279 - Generated code: /Users/ryan/Documents/GitHub/EVC-Remote-Cart/RCGoKart/Core/Src/main.c
2023-09-18 15:02:52,377 [INFO] ProjectBuilder:3064 - Time for Copy HAL[1] : 38mS.
2023-09-18 15:02:52,385 [INFO] ProjectBuilder:4404 - Project Generator version: 4.1.0
2023-09-18 15:02:52,693 [INFO] ConfigFileManager:1457 - The Die is : DIE421
2023-09-18 15:02:52,709 [INFO] ApiDbMcu:507 - Load IP Config File for FATFS
2023-09-18 15:02:52,715 [INFO] ApiDbMcu:507 - Load IP Config File for FREERTOS
2023-09-18 15:02:52,716 [INFO] ApiDbMcu:507 - Load IP Config File for LIBJPEG
2023-09-18 15:02:52,721 [INFO] ApiDbMcu:507 - Load IP Config File for MBEDTLS
2023-09-18 15:02:52,728 [INFO] ApiDbMcu:507 - Load IP Config File for USB_DEVICE
2023-09-18 15:02:52,733 [INFO] ApiDbMcu:507 - Load IP Config File for USB_HOST
2023-09-18 15:02:53,467 [INFO] LogOutputStream:77 - [STDOUT_REDIRECT] 
2023-09-18 15:02:56,935 [INFO] ProjectBuilder:4626 - Time for Generating toolchain IDE Files: 4543mS.
2023-09-18 15:02:56,941 [INFO] ProjectBuilder:2935 - Time for Copy CMSIS : 2mS.
2023-09-18 15:02:56,942 [INFO] ProjectBuilder:2935 - Time for Copy CMSIS : 0mS.
2023-09-18 15:02:57,957 [INFO] McuFinderGlobals:76 - Set McuFinderConnectedMode to true
2023-09-18 15:02:58,199 [INFO] ApiDb:448 - Save user favorites file /Users/ryan/.stm32cubeide/favorites.mcus.txt: 0 item(s)
2023-09-18 15:02:58,201 [INFO] ApiDb:452 - User favorites MCUs=[]
